# JRE version: OpenJDK Runtime Environment (17.0.2+8) (build 17.0.2+8-86)
# Java VM: OpenJDK 64-Bit Server VM (17.0.2+8-86, mixed mode, sharing, tiered, compressed oops, compressed class ptrs, g1 gc, windows-amd64)
GC Precious Log:
 CPUs: 4 total, 4 available
 Memory: 11687M
 Large Page Support: Disabled
 NUMA Support: Disabled
 Compressed Oops: Enabled (Zero based)
 Heap Region Size: 2M
 Heap Min Capacity: 8M
 Heap Initial Capacity: 184M
 Heap Max Capacity: 2922M
 Pre-touch: Disabled
 Parallel Workers: 4
 Concurrent Workers: 1
 Concurrent Refinement Workers: 4
 Periodic GC: Disabled
Heap:
 garbage-first heap   total 92160K, used 47878K [0x0000000749600000, 0x0000000800000000)
  region size 2048K, 8 young (16384K), 2 survivors (4096K)
 Metaspace       used 29153K, committed 29504K, reserved 1081344K
  class space    used 3204K, committed 3392K, reserved 1048576K
GC Heap History (20 events):
Event: 1.110 GC heap before
{Heap before GC invocations=1 (full 0):
 garbage-first heap   total 188416K, used 11309K [0x0000000749600000, 0x0000000800000000)
  region size 2048K, 5 young (10240K), 1 survivors (2048K)
 Metaspace       used 5135K, committed 5312K, reserved 1056768K
  class space    used 587K, committed 640K, reserved 1048576K
}
Event: 1.113 GC heap after
{Heap after GC invocations=2 (full 0):
 garbage-first heap   total 188416K, used 3944K [0x0000000749600000, 0x0000000800000000)
  region size 2048K, 1 young (2048K), 1 survivors (2048K)
 Metaspace       used 5135K, committed 5312K, reserved 1056768K
  class space    used 587K, committed 640K, reserved 1048576K
}
Event: 1.974 GC heap before
{Heap before GC invocations=2 (full 0):
 garbage-first heap   total 188416K, used 36712K [0x0000000749600000, 0x0000000800000000)
  region size 2048K, 17 young (34816K), 1 survivors (2048K)
 Metaspace       used 9682K, committed 9856K, reserved 1064960K
  class space    used 1174K, committed 1280K, reserved 1048576K
}
Event: 1.978 GC heap after
{Heap after GC invocations=3 (full 0):
 garbage-first heap   total 188416K, used 5457K [0x0000000749600000, 0x0000000800000000)
  region size 2048K, 2 young (4096K), 2 survivors (4096K)
 Metaspace       used 9682K, committed 9856K, reserved 1064960K
  class space    used 1174K, committed 1280K, reserved 1048576K
}
Event: 5.208 GC heap before
{Heap before GC invocations=3 (full 0):
 garbage-first heap   total 188416K, used 97617K [0x0000000749600000, 0x0000000800000000)
  region size 2048K, 48 young (98304K), 2 survivors (4096K)
 Metaspace       used 21225K, committed 21504K, reserved 1073152K
  class space    used 2449K, committed 2624K, reserved 1048576K
}
Event: 5.222 GC heap after
{Heap after GC invocations=4 (full 0):
 garbage-first heap   total 188416K, used 14640K [0x0000000749600000, 0x0000000800000000)
  region size 2048K, 6 young (12288K), 6 survivors (12288K)
 Metaspace       used 21225K, committed 21504K, reserved 1073152K
  class space    used 2449K, committed 2624K, reserved 1048576K
}
Event: 6.090 GC heap before
{Heap before GC invocations=5 (full 0):
 garbage-first heap   total 61440K, used 39216K [0x0000000749600000, 0x0000000800000000)
  region size 2048K, 18 young (36864K), 6 survivors (12288K)
 Metaspace       used 23133K, committed 23424K, reserved 1073152K
  class space    used 2622K, committed 2752K, reserved 1048576K
}
Event: 6.116 GC heap after
{Heap after GC invocations=6 (full 0):
 garbage-first heap   total 61440K, used 22081K [0x0000000749600000, 0x0000000800000000)
  region size 2048K, 3 young (6144K), 3 survivors (6144K)
 Metaspace       used 23133K, committed 23424K, reserved 1073152K
  class space    used 2622K, committed 2752K, reserved 1048576K
}
Event: 6.228 GC heap before
{Heap before GC invocations=6 (full 0):
 garbage-first heap   total 61440K, used 24129K [0x0000000749600000, 0x0000000800000000)
  region size 2048K, 4 young (8192K), 3 survivors (6144K)
 Metaspace       used 23199K, committed 23424K, reserved 1073152K
  class space    used 2624K, committed 2752K, reserved 1048576K
}
Event: 6.242 GC heap after
{Heap after GC invocations=7 (full 0):
 garbage-first heap   total 61440K, used 23554K [0x0000000749600000, 0x0000000800000000)
  region size 2048K, 1 young (2048K), 1 survivors (2048K)
 Metaspace       used 23199K, committed 23424K, reserved 1073152K
  class space    used 2624K, committed 2752K, reserved 1048576K
}
Event: 6.620 GC heap before
{Heap before GC invocations=7 (full 0):
 garbage-first heap   total 61440K, used 41986K [0x0000000749600000, 0x0000000800000000)
  region size 2048K, 10 young (20480K), 1 survivors (2048K)
 Metaspace       used 23790K, committed 24064K, reserved 1073152K
  class space    used 2666K, committed 2816K, reserved 1048576K
}
Event: 6.631 GC heap after
{Heap after GC invocations=8 (full 0):
 garbage-first heap   total 61440K, used 26036K [0x0000000749600000, 0x0000000800000000)
  region size 2048K, 2 young (4096K), 2 survivors (4096K)
 Metaspace       used 23790K, committed 24064K, reserved 1073152K
  class space    used 2666K, committed 2816K, reserved 1048576K
}
Event: 6.842 GC heap before
{Heap before GC invocations=8 (full 0):
 garbage-first heap   total 61440K, used 40372K [0x0000000749600000, 0x0000000800000000)
  region size 2048K, 10 young (20480K), 2 survivors (4096K)
 Metaspace       used 23913K, committed 24192K, reserved 1073152K
  class space    used 2666K, committed 2816K, reserved 1048576K
}
Event: 6.857 GC heap after
{Heap after GC invocations=9 (full 0):
 garbage-first heap   total 92160K, used 29459K [0x0000000749600000, 0x0000000800000000)
  region size 2048K, 2 young (4096K), 2 survivors (4096K)
 Metaspace       used 23913K, committed 24192K, reserved 1073152K
  class space    used 2666K, committed 2816K, reserved 1048576K
}
Event: 8.270 GC heap before
{Heap before GC invocations=9 (full 0):
 garbage-first heap   total 92160K, used 64275K [0x0000000749600000, 0x0000000800000000)
  region size 2048K, 18 young (36864K), 2 survivors (4096K)
 Metaspace       used 25948K, committed 26240K, reserved 1073152K
  class space    used 2863K, committed 3008K, reserved 1048576K
}
Event: 8.287 GC heap after
{Heap after GC invocations=10 (full 0):
 garbage-first heap   total 92160K, used 34769K [0x0000000749600000, 0x0000000800000000)
  region size 2048K, 2 young (4096K), 2 survivors (4096K)
 Metaspace       used 25948K, committed 26240K, reserved 1073152K
  class space    used 2863K, committed 3008K, reserved 1048576K
}
Event: 9.499 GC heap before
{Heap before GC invocations=10 (full 0):
 garbage-first heap   total 92160K, used 65489K [0x0000000749600000, 0x0000000800000000)
  region size 2048K, 17 young (34816K), 2 survivors (4096K)
 Metaspace       used 26389K, committed 26688K, reserved 1073152K
  class space    used 2867K, committed 3008K, reserved 1048576K
}
Event: 9.515 GC heap after
{Heap after GC invocations=11 (full 0):
 garbage-first heap   total 92160K, used 35995K [0x0000000749600000, 0x0000000800000000)
  region size 2048K, 3 young (6144K), 3 survivors (6144K)
 Metaspace       used 26389K, committed 26688K, reserved 1073152K
  class space    used 2867K, committed 3008K, reserved 1048576K
}
Event: 10.206 GC heap before
{Heap before GC invocations=11 (full 0):
 garbage-first heap   total 92160K, used 66715K [0x0000000749600000, 0x0000000800000000)
  region size 2048K, 18 young (36864K), 3 survivors (6144K)
 Metaspace       used 26810K, committed 27072K, reserved 1073152K
  class space    used 2905K, committed 3072K, reserved 1048576K
}
Event: 10.225 GC heap after
{Heap after GC invocations=12 (full 0):
 garbage-first heap   total 92160K, used 37638K [0x0000000749600000, 0x0000000800000000)
  region size 2048K, 2 young (4096K), 2 survivors (4096K)
 Metaspace       used 26810K, committed 27072K, reserved 1073152K
  class space    used 2905K, committed 3072K, reserved 1048576K
}

