# JRE version: OpenJDK Runtime Environment (17.0.2+8) (build 17.0.2+8-86)
# Java VM: OpenJDK 64-Bit Server VM (17.0.2+8-86, mixed mode, sharing, tiered, compressed oops, compressed class ptrs, g1 gc, windows-amd64)
GC Precious Log:
 CPUs: 4 total, 4 available
 Memory: 11687M
 Large Page Support: Disabled
 NUMA Support: Disabled
 Compressed Oops: Enabled (Zero based)
 Heap Region Size: 2M
 Heap Min Capacity: 8M
 Heap Initial Capacity: 184M
 Heap Max Capacity: 2922M
 Pre-touch: Disabled
 Parallel Workers: 4
 Concurrent Workers: 1
 Concurrent Refinement Workers: 4
 Periodic GC: Disabled
Heap:
 garbage-first heap   total 73728K, used 53278K [0x0000000749600000, 0x0000000800000000)
  region size 2048K, 10 young (20480K), 1 survivors (2048K)
 Metaspace       used 29350K, committed 29632K, reserved 1081344K
  class space    used 3202K, committed 3328K, reserved 1048576K
GC Heap History (20 events):
Event: 6.596 GC heap before
{Heap before GC invocations=3 (full 0):
 garbage-first heap   total 188416K, used 57961K [0x0000000749600000, 0x0000000800000000)
  region size 2048K, 28 young (57344K), 4 survivors (8192K)
 Metaspace       used 21315K, committed 21504K, reserved 1073152K
  class space    used 2436K, committed 2496K, reserved 1048576K
}
Event: 6.608 GC heap after
{Heap after GC invocations=4 (full 0):
 garbage-first heap   total 188416K, used 15195K [0x0000000749600000, 0x0000000800000000)
  region size 2048K, 3 young (6144K), 3 survivors (6144K)
 Metaspace       used 21315K, committed 21504K, reserved 1073152K
  class space    used 2436K, committed 2496K, reserved 1048576K
}
Event: 7.793 GC heap before
{Heap before GC invocations=5 (full 0):
 garbage-first heap   total 61440K, used 43867K [0x0000000749600000, 0x0000000800000000)
  region size 2048K, 18 young (36864K), 3 survivors (6144K)
 Metaspace       used 23369K, committed 23616K, reserved 1073152K
  class space    used 2620K, committed 2752K, reserved 1048576K
}
Event: 7.810 GC heap after
{Heap after GC invocations=6 (full 0):
 garbage-first heap   total 61440K, used 22771K [0x0000000749600000, 0x0000000800000000)
  region size 2048K, 7 young (14336K), 7 survivors (14336K)
 Metaspace       used 23369K, committed 23616K, reserved 1073152K
  class space    used 2620K, committed 2752K, reserved 1048576K
}
Event: 8.426 GC heap before
{Heap before GC invocations=6 (full 0):
 garbage-first heap   total 61440K, used 39155K [0x0000000749600000, 0x0000000800000000)
  region size 2048K, 15 young (30720K), 7 survivors (14336K)
 Metaspace       used 23736K, committed 24064K, reserved 1073152K
  class space    used 2639K, committed 2816K, reserved 1048576K
}
Event: 8.450 GC heap after
{Heap after GC invocations=7 (full 0):
 garbage-first heap   total 61440K, used 26218K [0x0000000749600000, 0x0000000800000000)
  region size 2048K, 2 young (4096K), 2 survivors (4096K)
 Metaspace       used 23736K, committed 24064K, reserved 1073152K
  class space    used 2639K, committed 2816K, reserved 1048576K
}
Event: 9.303 GC heap before
{Heap before GC invocations=7 (full 0):
 garbage-first heap   total 61440K, used 42602K [0x0000000749600000, 0x0000000800000000)
  region size 2048K, 10 young (20480K), 2 survivors (4096K)
 Metaspace       used 23876K, committed 24192K, reserved 1073152K
  class space    used 2642K, committed 2816K, reserved 1048576K
}
Event: 9.317 GC heap after
{Heap after GC invocations=8 (full 0):
 garbage-first heap   total 61440K, used 30083K [0x0000000749600000, 0x0000000800000000)
  region size 2048K, 2 young (4096K), 2 survivors (4096K)
 Metaspace       used 23876K, committed 24192K, reserved 1073152K
  class space    used 2642K, committed 2816K, reserved 1048576K
}
Event: 10.495 GC heap before
{Heap before GC invocations=8 (full 0):
 garbage-first heap   total 61440K, used 44419K [0x0000000749600000, 0x0000000800000000)
  region size 2048K, 9 young (18432K), 2 survivors (4096K)
 Metaspace       used 25653K, committed 25856K, reserved 1073152K
  class space    used 2833K, committed 2944K, reserved 1048576K
}
Event: 10.510 GC heap after
{Heap after GC invocations=9 (full 0):
 garbage-first heap   total 61440K, used 32157K [0x0000000749600000, 0x0000000800000000)
  region size 2048K, 1 young (2048K), 1 survivors (2048K)
 Metaspace       used 25653K, committed 25856K, reserved 1073152K
  class space    used 2833K, committed 2944K, reserved 1048576K
}
Event: 11.428 GC heap before
{Heap before GC invocations=9 (full 0):
 garbage-first heap   total 61440K, used 44445K [0x0000000749600000, 0x0000000800000000)
  region size 2048K, 8 young (16384K), 1 survivors (2048K)
 Metaspace       used 25883K, committed 26240K, reserved 1073152K
  class space    used 2837K, committed 3008K, reserved 1048576K
}
Event: 11.438 GC heap after
{Heap after GC invocations=10 (full 0):
 garbage-first heap   total 73728K, used 32920K [0x0000000749600000, 0x0000000800000000)
  region size 2048K, 1 young (2048K), 1 survivors (2048K)
 Metaspace       used 25883K, committed 26240K, reserved 1073152K
  class space    used 2837K, committed 3008K, reserved 1048576K
}
Event: 12.695 GC heap before
{Heap before GC invocations=10 (full 0):
 garbage-first heap   total 73728K, used 55448K [0x0000000749600000, 0x0000000800000000)
  region size 2048K, 11 young (22528K), 1 survivors (2048K)
 Metaspace       used 26236K, committed 26560K, reserved 1073152K
  class space    used 2839K, committed 3008K, reserved 1048576K
}
Event: 12.704 GC heap after
{Heap after GC invocations=11 (full 0):
 garbage-first heap   total 73728K, used 36295K [0x0000000749600000, 0x0000000800000000)
  region size 2048K, 2 young (4096K), 2 survivors (4096K)
 Metaspace       used 26236K, committed 26560K, reserved 1073152K
  class space    used 2839K, committed 3008K, reserved 1048576K
}
Event: 13.928 GC heap before
{Heap before GC invocations=11 (full 0):
 garbage-first heap   total 73728K, used 54727K [0x0000000749600000, 0x0000000800000000)
  region size 2048K, 11 young (22528K), 2 survivors (4096K)
 Metaspace       used 26374K, committed 26688K, reserved 1073152K
  class space    used 2851K, committed 3008K, reserved 1048576K
}
Event: 13.939 GC heap after
{Heap after GC invocations=12 (full 0):
 garbage-first heap   total 73728K, used 37339K [0x0000000749600000, 0x0000000800000000)
  region size 2048K, 2 young (4096K), 2 survivors (4096K)
 Metaspace       used 26374K, committed 26688K, reserved 1073152K
  class space    used 2851K, committed 3008K, reserved 1048576K
}
Event: 14.472 GC heap before
{Heap before GC invocations=13 (full 0):
 garbage-first heap   total 73728K, used 55771K [0x0000000749600000, 0x0000000800000000)
  region size 2048K, 11 young (22528K), 2 survivors (4096K)
 Metaspace       used 26515K, committed 26816K, reserved 1073152K
  class space    used 2854K, committed 3008K, reserved 1048576K
}
Event: 14.484 GC heap after
{Heap after GC invocations=14 (full 0):
 garbage-first heap   total 73728K, used 38722K [0x0000000749600000, 0x0000000800000000)
  region size 2048K, 2 young (4096K), 2 survivors (4096K)
 Metaspace       used 26515K, committed 26816K, reserved 1073152K
  class space    used 2854K, committed 3008K, reserved 1048576K
}
Event: 14.510 GC heap before
{Heap before GC invocations=14 (full 0):
 garbage-first heap   total 73728K, used 40770K [0x0000000749600000, 0x0000000800000000)
  region size 2048K, 3 young (6144K), 2 survivors (4096K)
 Metaspace       used 26535K, committed 26880K, reserved 1073152K
  class space    used 2854K, committed 3008K, reserved 1048576K
}
Event: 14.524 GC heap after
{Heap after GC invocations=15 (full 0):
 garbage-first heap   total 73728K, used 36894K [0x0000000749600000, 0x0000000800000000)
  region size 2048K, 1 young (2048K), 1 survivors (2048K)
 Metaspace       used 26535K, committed 26880K, reserved 1073152K
  class space    used 2854K, committed 3008K, reserved 1048576K
}

