# JRE version: OpenJDK Runtime Environment (17.0.2+8) (build 17.0.2+8-86)
# Java VM: OpenJDK 64-Bit Server VM (17.0.2+8-86, mixed mode, sharing, tiered, compressed oops, compressed class ptrs, g1 gc, windows-amd64)
GC Precious Log:
 CPUs: 4 total, 4 available
 Memory: 11687M
 Large Page Support: Disabled
 NUMA Support: Disabled
 Compressed Oops: Enabled (Zero based)
 Heap Region Size: 2M
 Heap Min Capacity: 8M
 Heap Initial Capacity: 184M
 Heap Max Capacity: 2922M
 Pre-touch: Disabled
 Parallel Workers: 4
 Concurrent Workers: 1
 Concurrent Refinement Workers: 4
 Periodic GC: Disabled
Heap:
 garbage-first heap   total 83968K, used 49763K [0x0000000749600000, 0x0000000800000000)
  region size 2048K, 9 young (18432K), 2 survivors (4096K)
 Metaspace       used 29356K, committed 29696K, reserved 1081344K
  class space    used 3199K, committed 3328K, reserved 1048576K
GC Heap History (20 events):
Event: 2.567 GC heap before
{Heap before GC invocations=2 (full 0):
 garbage-first heap   total 188416K, used 40641K [0x0000000749600000, 0x0000000800000000)
  region size 2048K, 19 young (38912K), 1 survivors (2048K)
 Metaspace       used 9477K, committed 9664K, reserved 1064960K
  class space    used 1145K, committed 1216K, reserved 1048576K
}
Event: 2.570 GC heap after
{Heap after GC invocations=3 (full 0):
 garbage-first heap   total 188416K, used 5435K [0x0000000749600000, 0x0000000800000000)
  region size 2048K, 2 young (4096K), 2 survivors (4096K)
 Metaspace       used 9477K, committed 9664K, reserved 1064960K
  class space    used 1145K, committed 1216K, reserved 1048576K
}
Event: 6.273 GC heap before
{Heap before GC invocations=3 (full 0):
 garbage-first heap   total 188416K, used 105787K [0x0000000749600000, 0x0000000800000000)
  region size 2048K, 52 young (106496K), 2 survivors (4096K)
 Metaspace       used 21295K, committed 21504K, reserved 1073152K
  class space    used 2437K, committed 2496K, reserved 1048576K
}
Event: 6.288 GC heap after
{Heap after GC invocations=4 (full 0):
 garbage-first heap   total 188416K, used 14800K [0x0000000749600000, 0x0000000800000000)
  region size 2048K, 6 young (12288K), 6 survivors (12288K)
 Metaspace       used 21295K, committed 21504K, reserved 1073152K
  class space    used 2437K, committed 2496K, reserved 1048576K
}
Event: 7.170 GC heap before
{Heap before GC invocations=5 (full 0):
 garbage-first heap   total 61440K, used 39376K [0x0000000749600000, 0x0000000800000000)
  region size 2048K, 18 young (36864K), 6 survivors (12288K)
 Metaspace       used 22956K, committed 23232K, reserved 1073152K
  class space    used 2593K, committed 2752K, reserved 1048576K
}
Event: 7.195 GC heap after
{Heap after GC invocations=6 (full 0):
 garbage-first heap   total 61440K, used 21950K [0x0000000749600000, 0x0000000800000000)
  region size 2048K, 3 young (6144K), 3 survivors (6144K)
 Metaspace       used 22956K, committed 23232K, reserved 1073152K
  class space    used 2593K, committed 2752K, reserved 1048576K
}
Event: 7.343 GC heap before
{Heap before GC invocations=6 (full 0):
 garbage-first heap   total 61440K, used 23998K [0x0000000749600000, 0x0000000800000000)
  region size 2048K, 4 young (8192K), 3 survivors (6144K)
 Metaspace       used 23044K, committed 23360K, reserved 1073152K
  class space    used 2596K, committed 2752K, reserved 1048576K
}
Event: 7.358 GC heap after
{Heap after GC invocations=7 (full 0):
 garbage-first heap   total 61440K, used 23234K [0x0000000749600000, 0x0000000800000000)
  region size 2048K, 1 young (2048K), 1 survivors (2048K)
 Metaspace       used 23044K, committed 23360K, reserved 1073152K
  class space    used 2596K, committed 2752K, reserved 1048576K
}
Event: 7.972 GC heap before
{Heap before GC invocations=7 (full 0):
 garbage-first heap   total 61440K, used 39618K [0x0000000749600000, 0x0000000800000000)
  region size 2048K, 10 young (20480K), 1 survivors (2048K)
 Metaspace       used 23660K, committed 24000K, reserved 1073152K
  class space    used 2637K, committed 2816K, reserved 1048576K
}
Event: 7.983 GC heap after
{Heap after GC invocations=8 (full 0):
 garbage-first heap   total 61440K, used 25707K [0x0000000749600000, 0x0000000800000000)
  region size 2048K, 2 young (4096K), 2 survivors (4096K)
 Metaspace       used 23660K, committed 24000K, reserved 1073152K
  class space    used 2637K, committed 2816K, reserved 1048576K
}
Event: 8.879 GC heap before
{Heap before GC invocations=8 (full 0):
 garbage-first heap   total 61440K, used 44139K [0x0000000749600000, 0x0000000800000000)
  region size 2048K, 11 young (22528K), 2 survivors (4096K)
 Metaspace       used 23867K, committed 24128K, reserved 1073152K
  class space    used 2650K, committed 2816K, reserved 1048576K
}
Event: 8.895 GC heap after
{Heap after GC invocations=9 (full 0):
 garbage-first heap   total 61440K, used 29507K [0x0000000749600000, 0x0000000800000000)
  region size 2048K, 2 young (4096K), 2 survivors (4096K)
 Metaspace       used 23867K, committed 24128K, reserved 1073152K
  class space    used 2650K, committed 2816K, reserved 1048576K
}
Event: 10.023 GC heap before
{Heap before GC invocations=9 (full 0):
 garbage-first heap   total 61440K, used 43843K [0x0000000749600000, 0x0000000800000000)
  region size 2048K, 9 young (18432K), 2 survivors (4096K)
 Metaspace       used 25582K, committed 25856K, reserved 1073152K
  class space    used 2833K, committed 3008K, reserved 1048576K
}
Event: 10.037 GC heap after
{Heap after GC invocations=10 (full 0):
 garbage-first heap   total 83968K, used 30833K [0x0000000749600000, 0x0000000800000000)
  region size 2048K, 1 young (2048K), 1 survivors (2048K)
 Metaspace       used 25582K, committed 25856K, reserved 1073152K
  class space    used 2833K, committed 3008K, reserved 1048576K
}
Event: 11.865 GC heap before
{Heap before GC invocations=10 (full 0):
 garbage-first heap   total 83968K, used 59505K [0x0000000749600000, 0x0000000800000000)
  region size 2048K, 14 young (28672K), 1 survivors (2048K)
 Metaspace       used 26070K, committed 26368K, reserved 1073152K
  class space    used 2836K, committed 3008K, reserved 1048576K
}
Event: 11.878 GC heap after
{Heap after GC invocations=11 (full 0):
 garbage-first heap   total 83968K, used 34629K [0x0000000749600000, 0x0000000800000000)
  region size 2048K, 2 young (4096K), 2 survivors (4096K)
 Metaspace       used 26070K, committed 26368K, reserved 1073152K
  class space    used 2836K, committed 3008K, reserved 1048576K
}
Event: 13.425 GC heap before
{Heap before GC invocations=11 (full 0):
 garbage-first heap   total 83968K, used 59205K [0x0000000749600000, 0x0000000800000000)
  region size 2048K, 14 young (28672K), 2 survivors (4096K)
 Metaspace       used 26271K, committed 26560K, reserved 1073152K
  class space    used 2841K, committed 3008K, reserved 1048576K
}
Event: 13.440 GC heap after
{Heap after GC invocations=12 (full 0):
 garbage-first heap   total 83968K, used 35648K [0x0000000749600000, 0x0000000800000000)
  region size 2048K, 2 young (4096K), 2 survivors (4096K)
 Metaspace       used 26271K, committed 26560K, reserved 1073152K
  class space    used 2841K, committed 3008K, reserved 1048576K
}
Event: 14.143 GC heap before
{Heap before GC invocations=12 (full 0):
 garbage-first heap   total 83968K, used 62272K [0x0000000749600000, 0x0000000800000000)
  region size 2048K, 15 young (30720K), 2 survivors (4096K)
 Metaspace       used 26652K, committed 26944K, reserved 1073152K
  class space    used 2862K, committed 3008K, reserved 1048576K
}
Event: 14.157 GC heap after
{Heap after GC invocations=13 (full 0):
 garbage-first heap   total 83968K, used 37475K [0x0000000749600000, 0x0000000800000000)
  region size 2048K, 2 young (4096K), 2 survivors (4096K)
 Metaspace       used 26652K, committed 26944K, reserved 1073152K
  class space    used 2862K, committed 3008K, reserved 1048576K
}

